0 info it worked if it ends with ok
1 verbose cli [ '/usr/bin/node', '/usr/bin/npm', 'install' ]
2 info using npm@1.4.28
3 info using node@v0.10.32
4 verbose node symlink /usr/bin/node
5 warn package.json @ No repository field.
6 verbose readDependencies using package.json deps
7 verbose install where, deps [ '/home/dan/projects/SkiTime',
7 verbose install   [ 'gulp',
7 verbose install     'gulp-notify',
7 verbose install     'gulp-util',
7 verbose install     'gulp-autoprefixer',
7 verbose install     'gulp-less',
7 verbose install     'gulp-concat',
7 verbose install     'gulp-minify-css',
7 verbose install     'gulp-uglify',
7 verbose install     'gulp-livereload',
7 verbose install     'tiny-lr',
7 verbose install     'express' ] ]
8 info preinstall @
9 verbose readDependencies using package.json deps
10 verbose cache add [ 'gulp@~3.5.0', null ]
11 verbose cache add name=undefined spec="gulp@~3.5.0" args=["gulp@~3.5.0",null]
12 verbose parsed url { protocol: null,
12 verbose parsed url   slashes: null,
12 verbose parsed url   auth: null,
12 verbose parsed url   host: null,
12 verbose parsed url   port: null,
12 verbose parsed url   hostname: null,
12 verbose parsed url   hash: null,
12 verbose parsed url   search: null,
12 verbose parsed url   query: null,
12 verbose parsed url   pathname: 'gulp@~3.5.0',
12 verbose parsed url   path: 'gulp@~3.5.0',
12 verbose parsed url   href: 'gulp@~3.5.0' }
13 verbose cache add [ 'gulp-notify@~0.4.0', null ]
14 verbose cache add name=undefined spec="gulp-notify@~0.4.0" args=["gulp-notify@~0.4.0",null]
15 verbose parsed url { protocol: null,
15 verbose parsed url   slashes: null,
15 verbose parsed url   auth: null,
15 verbose parsed url   host: null,
15 verbose parsed url   port: null,
15 verbose parsed url   hostname: null,
15 verbose parsed url   hash: null,
15 verbose parsed url   search: null,
15 verbose parsed url   query: null,
15 verbose parsed url   pathname: 'gulp-notify@~0.4.0',
15 verbose parsed url   path: 'gulp-notify@~0.4.0',
15 verbose parsed url   href: 'gulp-notify@~0.4.0' }
16 verbose cache add [ 'gulp-util@~2.2.13', null ]
17 verbose cache add name=undefined spec="gulp-util@~2.2.13" args=["gulp-util@~2.2.13",null]
18 verbose parsed url { protocol: null,
18 verbose parsed url   slashes: null,
18 verbose parsed url   auth: null,
18 verbose parsed url   host: null,
18 verbose parsed url   port: null,
18 verbose parsed url   hostname: null,
18 verbose parsed url   hash: null,
18 verbose parsed url   search: null,
18 verbose parsed url   query: null,
18 verbose parsed url   pathname: 'gulp-util@~2.2.13',
18 verbose parsed url   path: 'gulp-util@~2.2.13',
18 verbose parsed url   href: 'gulp-util@~2.2.13' }
19 verbose cache add [ 'gulp-autoprefixer@0.0.5', null ]
20 verbose cache add name=undefined spec="gulp-autoprefixer@0.0.5" args=["gulp-autoprefixer@0.0.5",null]
21 verbose parsed url { protocol: null,
21 verbose parsed url   slashes: null,
21 verbose parsed url   auth: null,
21 verbose parsed url   host: null,
21 verbose parsed url   port: null,
21 verbose parsed url   hostname: null,
21 verbose parsed url   hash: null,
21 verbose parsed url   search: null,
21 verbose parsed url   query: null,
21 verbose parsed url   pathname: 'gulp-autoprefixer@0.0.5',
21 verbose parsed url   path: 'gulp-autoprefixer@0.0.5',
21 verbose parsed url   href: 'gulp-autoprefixer@0.0.5' }
22 verbose cache add name="gulp" spec="~3.5.0" args=["gulp","~3.5.0"]
23 verbose parsed url { protocol: null,
23 verbose parsed url   slashes: null,
23 verbose parsed url   auth: null,
23 verbose parsed url   host: null,
23 verbose parsed url   port: null,
23 verbose parsed url   hostname: null,
23 verbose parsed url   hash: null,
23 verbose parsed url   search: null,
23 verbose parsed url   query: null,
23 verbose parsed url   pathname: '~3.5.0',
23 verbose parsed url   path: '~3.5.0',
23 verbose parsed url   href: '~3.5.0' }
24 verbose addNamed [ 'gulp', '~3.5.0' ]
25 verbose addNamed [ null, '>=3.5.0-0 <3.6.0-0' ]
26 verbose cache add name="gulp-notify" spec="~0.4.0" args=["gulp-notify","~0.4.0"]
27 verbose parsed url { protocol: null,
27 verbose parsed url   slashes: null,
27 verbose parsed url   auth: null,
27 verbose parsed url   host: null,
27 verbose parsed url   port: null,
27 verbose parsed url   hostname: null,
27 verbose parsed url   hash: null,
27 verbose parsed url   search: null,
27 verbose parsed url   query: null,
27 verbose parsed url   pathname: '~0.4.0',
27 verbose parsed url   path: '~0.4.0',
27 verbose parsed url   href: '~0.4.0' }
28 verbose addNamed [ 'gulp-notify', '~0.4.0' ]
29 verbose addNamed [ null, '>=0.4.0-0 <0.5.0-0' ]
30 verbose cache add name="gulp-util" spec="~2.2.13" args=["gulp-util","~2.2.13"]
31 verbose parsed url { protocol: null,
31 verbose parsed url   slashes: null,
31 verbose parsed url   auth: null,
31 verbose parsed url   host: null,
31 verbose parsed url   port: null,
31 verbose parsed url   hostname: null,
31 verbose parsed url   hash: null,
31 verbose parsed url   search: null,
31 verbose parsed url   query: null,
31 verbose parsed url   pathname: '~2.2.13',
31 verbose parsed url   path: '~2.2.13',
31 verbose parsed url   href: '~2.2.13' }
32 verbose addNamed [ 'gulp-util', '~2.2.13' ]
33 verbose addNamed [ null, '>=2.2.13-0 <2.3.0-0' ]
34 verbose cache add [ 'gulp-less@~1.2.1', null ]
35 verbose cache add name=undefined spec="gulp-less@~1.2.1" args=["gulp-less@~1.2.1",null]
36 verbose parsed url { protocol: null,
36 verbose parsed url   slashes: null,
36 verbose parsed url   auth: null,
36 verbose parsed url   host: null,
36 verbose parsed url   port: null,
36 verbose parsed url   hostname: null,
36 verbose parsed url   hash: null,
36 verbose parsed url   search: null,
36 verbose parsed url   query: null,
36 verbose parsed url   pathname: 'gulp-less@~1.2.1',
36 verbose parsed url   path: 'gulp-less@~1.2.1',
36 verbose parsed url   href: 'gulp-less@~1.2.1' }
37 verbose cache add name="gulp-autoprefixer" spec="0.0.5" args=["gulp-autoprefixer","0.0.5"]
38 verbose parsed url { protocol: null,
38 verbose parsed url   slashes: null,
38 verbose parsed url   auth: null,
38 verbose parsed url   host: null,
38 verbose parsed url   port: null,
38 verbose parsed url   hostname: null,
38 verbose parsed url   hash: null,
38 verbose parsed url   search: null,
38 verbose parsed url   query: null,
38 verbose parsed url   pathname: '0.0.5',
38 verbose parsed url   path: '0.0.5',
38 verbose parsed url   href: '0.0.5' }
39 verbose addNamed [ 'gulp-autoprefixer', '0.0.5' ]
40 verbose addNamed [ '0.0.5', '0.0.5' ]
41 silly lockFile 20864f85-gulp-3-5-0 gulp@~3.5.0
42 verbose lock gulp@~3.5.0 /home/dan/.npm/20864f85-gulp-3-5-0.lock
43 silly lockFile 08947ec2-gulp-notify-0-4-0 gulp-notify@~0.4.0
44 verbose lock gulp-notify@~0.4.0 /home/dan/.npm/08947ec2-gulp-notify-0-4-0.lock
45 silly lockFile e667fae6-gulp-util-2-2-13 gulp-util@~2.2.13
46 verbose lock gulp-util@~2.2.13 /home/dan/.npm/e667fae6-gulp-util-2-2-13.lock
47 silly lockFile 5ee243a0-gulp-autoprefixer-0-0-5 gulp-autoprefixer@0.0.5
48 verbose lock gulp-autoprefixer@0.0.5 /home/dan/.npm/5ee243a0-gulp-autoprefixer-0-0-5.lock
49 verbose cache add [ 'gulp-concat@~2.1.7', null ]
50 verbose cache add name=undefined spec="gulp-concat@~2.1.7" args=["gulp-concat@~2.1.7",null]
51 verbose parsed url { protocol: null,
51 verbose parsed url   slashes: null,
51 verbose parsed url   auth: null,
51 verbose parsed url   host: null,
51 verbose parsed url   port: null,
51 verbose parsed url   hostname: null,
51 verbose parsed url   hash: null,
51 verbose parsed url   search: null,
51 verbose parsed url   query: null,
51 verbose parsed url   pathname: 'gulp-concat@~2.1.7',
51 verbose parsed url   path: 'gulp-concat@~2.1.7',
51 verbose parsed url   href: 'gulp-concat@~2.1.7' }
52 verbose cache add name="gulp-less" spec="~1.2.1" args=["gulp-less","~1.2.1"]
53 verbose parsed url { protocol: null,
53 verbose parsed url   slashes: null,
53 verbose parsed url   auth: null,
53 verbose parsed url   host: null,
53 verbose parsed url   port: null,
53 verbose parsed url   hostname: null,
53 verbose parsed url   hash: null,
53 verbose parsed url   search: null,
53 verbose parsed url   query: null,
53 verbose parsed url   pathname: '~1.2.1',
53 verbose parsed url   path: '~1.2.1',
53 verbose parsed url   href: '~1.2.1' }
54 verbose addNamed [ 'gulp-less', '~1.2.1' ]
55 verbose addNamed [ null, '>=1.2.1-0 <1.3.0-0' ]
56 silly lockFile c090377b-gulp-less-1-2-1 gulp-less@~1.2.1
57 verbose lock gulp-less@~1.2.1 /home/dan/.npm/c090377b-gulp-less-1-2-1.lock
58 verbose cache add [ 'gulp-minify-css@~0.2.0', null ]
59 verbose cache add name=undefined spec="gulp-minify-css@~0.2.0" args=["gulp-minify-css@~0.2.0",null]
60 verbose parsed url { protocol: null,
60 verbose parsed url   slashes: null,
60 verbose parsed url   auth: null,
60 verbose parsed url   host: null,
60 verbose parsed url   port: null,
60 verbose parsed url   hostname: null,
60 verbose parsed url   hash: null,
60 verbose parsed url   search: null,
60 verbose parsed url   query: null,
60 verbose parsed url   pathname: 'gulp-minify-css@~0.2.0',
60 verbose parsed url   path: 'gulp-minify-css@~0.2.0',
60 verbose parsed url   href: 'gulp-minify-css@~0.2.0' }
61 verbose cache add name="gulp-concat" spec="~2.1.7" args=["gulp-concat","~2.1.7"]
62 verbose parsed url { protocol: null,
62 verbose parsed url   slashes: null,
62 verbose parsed url   auth: null,
62 verbose parsed url   host: null,
62 verbose parsed url   port: null,
62 verbose parsed url   hostname: null,
62 verbose parsed url   hash: null,
62 verbose parsed url   search: null,
62 verbose parsed url   query: null,
62 verbose parsed url   pathname: '~2.1.7',
62 verbose parsed url   path: '~2.1.7',
62 verbose parsed url   href: '~2.1.7' }
63 verbose addNamed [ 'gulp-concat', '~2.1.7' ]
64 verbose addNamed [ null, '>=2.1.7-0 <2.2.0-0' ]
65 silly lockFile 29d97895-gulp-concat-2-1-7 gulp-concat@~2.1.7
66 verbose lock gulp-concat@~2.1.7 /home/dan/.npm/29d97895-gulp-concat-2-1-7.lock
67 silly addNameRange { name: 'gulp', range: '>=3.5.0-0 <3.6.0-0', hasData: false }
68 silly addNameRange { name: 'gulp-notify',
68 silly addNameRange   range: '>=0.4.0-0 <0.5.0-0',
68 silly addNameRange   hasData: false }
69 silly addNameRange { name: 'gulp-util',
69 silly addNameRange   range: '>=2.2.13-0 <2.3.0-0',
69 silly addNameRange   hasData: false }
70 verbose cache add [ 'gulp-uglify@~0.2.0', null ]
71 verbose cache add name=undefined spec="gulp-uglify@~0.2.0" args=["gulp-uglify@~0.2.0",null]
72 verbose parsed url { protocol: null,
72 verbose parsed url   slashes: null,
72 verbose parsed url   auth: null,
72 verbose parsed url   host: null,
72 verbose parsed url   port: null,
72 verbose parsed url   hostname: null,
72 verbose parsed url   hash: null,
72 verbose parsed url   search: null,
72 verbose parsed url   query: null,
72 verbose parsed url   pathname: 'gulp-uglify@~0.2.0',
72 verbose parsed url   path: 'gulp-uglify@~0.2.0',
72 verbose parsed url   href: 'gulp-uglify@~0.2.0' }
73 verbose cache add [ 'gulp-livereload@~0.2.0', null ]
74 verbose cache add name=undefined spec="gulp-livereload@~0.2.0" args=["gulp-livereload@~0.2.0",null]
75 verbose parsed url { protocol: null,
75 verbose parsed url   slashes: null,
75 verbose parsed url   auth: null,
75 verbose parsed url   host: null,
75 verbose parsed url   port: null,
75 verbose parsed url   hostname: null,
75 verbose parsed url   hash: null,
75 verbose parsed url   search: null,
75 verbose parsed url   query: null,
75 verbose parsed url   pathname: 'gulp-livereload@~0.2.0',
75 verbose parsed url   path: 'gulp-livereload@~0.2.0',
75 verbose parsed url   href: 'gulp-livereload@~0.2.0' }
76 verbose cache add [ 'tiny-lr@0.0.5', null ]
77 verbose cache add name=undefined spec="tiny-lr@0.0.5" args=["tiny-lr@0.0.5",null]
78 verbose parsed url { protocol: null,
78 verbose parsed url   slashes: null,
78 verbose parsed url   auth: null,
78 verbose parsed url   host: null,
78 verbose parsed url   port: null,
78 verbose parsed url   hostname: null,
78 verbose parsed url   hash: null,
78 verbose parsed url   search: null,
78 verbose parsed url   query: null,
78 verbose parsed url   pathname: 'tiny-lr@0.0.5',
78 verbose parsed url   path: 'tiny-lr@0.0.5',
78 verbose parsed url   href: 'tiny-lr@0.0.5' }
79 verbose cache add [ 'express@~3.4.8', null ]
80 verbose cache add name=undefined spec="express@~3.4.8" args=["express@~3.4.8",null]
81 verbose parsed url { protocol: null,
81 verbose parsed url   slashes: null,
81 verbose parsed url   auth: null,
81 verbose parsed url   host: null,
81 verbose parsed url   port: null,
81 verbose parsed url   hostname: null,
81 verbose parsed url   hash: null,
81 verbose parsed url   search: null,
81 verbose parsed url   query: null,
81 verbose parsed url   pathname: 'express@~3.4.8',
81 verbose parsed url   path: 'express@~3.4.8',
81 verbose parsed url   href: 'express@~3.4.8' }
82 verbose cache add name="gulp-minify-css" spec="~0.2.0" args=["gulp-minify-css","~0.2.0"]
83 verbose parsed url { protocol: null,
83 verbose parsed url   slashes: null,
83 verbose parsed url   auth: null,
83 verbose parsed url   host: null,
83 verbose parsed url   port: null,
83 verbose parsed url   hostname: null,
83 verbose parsed url   hash: null,
83 verbose parsed url   search: null,
83 verbose parsed url   query: null,
83 verbose parsed url   pathname: '~0.2.0',
83 verbose parsed url   path: '~0.2.0',
83 verbose parsed url   href: '~0.2.0' }
84 verbose addNamed [ 'gulp-minify-css', '~0.2.0' ]
85 verbose addNamed [ null, '>=0.2.0-0 <0.3.0-0' ]
86 silly lockFile c0fe7ce8-gulp-minify-css-0-2-0 gulp-minify-css@~0.2.0
87 verbose lock gulp-minify-css@~0.2.0 /home/dan/.npm/c0fe7ce8-gulp-minify-css-0-2-0.lock
88 silly addNameRange { name: 'gulp-less',
88 silly addNameRange   range: '>=1.2.1-0 <1.3.0-0',
88 silly addNameRange   hasData: false }
89 verbose cache add name="gulp-uglify" spec="~0.2.0" args=["gulp-uglify","~0.2.0"]
90 verbose parsed url { protocol: null,
90 verbose parsed url   slashes: null,
90 verbose parsed url   auth: null,
90 verbose parsed url   host: null,
90 verbose parsed url   port: null,
90 verbose parsed url   hostname: null,
90 verbose parsed url   hash: null,
90 verbose parsed url   search: null,
90 verbose parsed url   query: null,
90 verbose parsed url   pathname: '~0.2.0',
90 verbose parsed url   path: '~0.2.0',
90 verbose parsed url   href: '~0.2.0' }
91 verbose addNamed [ 'gulp-uglify', '~0.2.0' ]
92 verbose addNamed [ null, '>=0.2.0-0 <0.3.0-0' ]
93 silly lockFile 8af0c9b5-gulp-uglify-0-2-0 gulp-uglify@~0.2.0
94 verbose lock gulp-uglify@~0.2.0 /home/dan/.npm/8af0c9b5-gulp-uglify-0-2-0.lock
95 verbose cache add name="gulp-livereload" spec="~0.2.0" args=["gulp-livereload","~0.2.0"]
96 verbose parsed url { protocol: null,
96 verbose parsed url   slashes: null,
96 verbose parsed url   auth: null,
96 verbose parsed url   host: null,
96 verbose parsed url   port: null,
96 verbose parsed url   hostname: null,
96 verbose parsed url   hash: null,
96 verbose parsed url   search: null,
96 verbose parsed url   query: null,
96 verbose parsed url   pathname: '~0.2.0',
96 verbose parsed url   path: '~0.2.0',
96 verbose parsed url   href: '~0.2.0' }
97 verbose addNamed [ 'gulp-livereload', '~0.2.0' ]
98 verbose addNamed [ null, '>=0.2.0-0 <0.3.0-0' ]
99 silly lockFile ca5537e4-gulp-livereload-0-2-0 gulp-livereload@~0.2.0
100 verbose lock gulp-livereload@~0.2.0 /home/dan/.npm/ca5537e4-gulp-livereload-0-2-0.lock
101 verbose cache add name="tiny-lr" spec="0.0.5" args=["tiny-lr","0.0.5"]
102 verbose parsed url { protocol: null,
102 verbose parsed url   slashes: null,
102 verbose parsed url   auth: null,
102 verbose parsed url   host: null,
102 verbose parsed url   port: null,
102 verbose parsed url   hostname: null,
102 verbose parsed url   hash: null,
102 verbose parsed url   search: null,
102 verbose parsed url   query: null,
102 verbose parsed url   pathname: '0.0.5',
102 verbose parsed url   path: '0.0.5',
102 verbose parsed url   href: '0.0.5' }
103 verbose addNamed [ 'tiny-lr', '0.0.5' ]
104 verbose addNamed [ '0.0.5', '0.0.5' ]
105 silly lockFile 974261c1-tiny-lr-0-0-5 tiny-lr@0.0.5
106 verbose lock tiny-lr@0.0.5 /home/dan/.npm/974261c1-tiny-lr-0-0-5.lock
107 verbose cache add name="express" spec="~3.4.8" args=["express","~3.4.8"]
108 verbose parsed url { protocol: null,
108 verbose parsed url   slashes: null,
108 verbose parsed url   auth: null,
108 verbose parsed url   host: null,
108 verbose parsed url   port: null,
108 verbose parsed url   hostname: null,
108 verbose parsed url   hash: null,
108 verbose parsed url   search: null,
108 verbose parsed url   query: null,
108 verbose parsed url   pathname: '~3.4.8',
108 verbose parsed url   path: '~3.4.8',
108 verbose parsed url   href: '~3.4.8' }
109 verbose addNamed [ 'express', '~3.4.8' ]
110 verbose addNamed [ null, '>=3.4.8-0 <3.5.0-0' ]
111 silly lockFile 655fa913-express-3-4-8 express@~3.4.8
112 verbose lock express@~3.4.8 /home/dan/.npm/655fa913-express-3-4-8.lock
113 silly addNameRange { name: 'gulp-concat',
113 silly addNameRange   range: '>=2.1.7-0 <2.2.0-0',
113 silly addNameRange   hasData: false }
114 silly addNameRange { name: 'gulp-minify-css',
114 silly addNameRange   range: '>=0.2.0-0 <0.3.0-0',
114 silly addNameRange   hasData: false }
115 silly addNameRange { name: 'gulp-uglify',
115 silly addNameRange   range: '>=0.2.0-0 <0.3.0-0',
115 silly addNameRange   hasData: false }
116 silly addNameRange { name: 'gulp-livereload',
116 silly addNameRange   range: '>=0.2.0-0 <0.3.0-0',
116 silly addNameRange   hasData: false }
117 silly addNameRange { name: 'express', range: '>=3.4.8-0 <3.5.0-0', hasData: false }
118 verbose request where is /gulp
119 verbose request registry https://registry.npmjs.org/
120 verbose request id 10040d2c51539128
121 verbose url raw /gulp
122 verbose url resolving [ 'https://registry.npmjs.org/', './gulp' ]
123 verbose url resolved https://registry.npmjs.org/gulp
124 verbose request where is https://registry.npmjs.org/gulp
125 info trying registry request attempt 1 at 15:12:17
126 verbose etag "2D9AIEPK9PN2E35HPAK3Y1KA8"
127 http GET https://registry.npmjs.org/gulp
128 verbose request where is /gulp-notify
129 verbose request registry https://registry.npmjs.org/
130 verbose url raw /gulp-notify
131 verbose url resolving [ 'https://registry.npmjs.org/', './gulp-notify' ]
132 verbose url resolved https://registry.npmjs.org/gulp-notify
133 verbose request where is https://registry.npmjs.org/gulp-notify
134 info trying registry request attempt 1 at 15:12:17
135 verbose etag "C9ORLSR3VRDBO1EK8DZ1ZKM41"
136 http GET https://registry.npmjs.org/gulp-notify
137 verbose request where is /gulp-autoprefixer
138 verbose request registry https://registry.npmjs.org/
139 verbose url raw /gulp-autoprefixer
140 verbose url resolving [ 'https://registry.npmjs.org/', './gulp-autoprefixer' ]
141 verbose url resolved https://registry.npmjs.org/gulp-autoprefixer
142 verbose request where is https://registry.npmjs.org/gulp-autoprefixer
143 info trying registry request attempt 1 at 15:12:17
144 verbose etag "DXFECSH9IW86E0G5HPAMKTNJ0"
145 http GET https://registry.npmjs.org/gulp-autoprefixer
146 verbose request where is /gulp-util
147 verbose request registry https://registry.npmjs.org/
148 verbose url raw /gulp-util
149 verbose url resolving [ 'https://registry.npmjs.org/', './gulp-util' ]
150 verbose url resolved https://registry.npmjs.org/gulp-util
151 verbose request where is https://registry.npmjs.org/gulp-util
152 info trying registry request attempt 1 at 15:12:17
153 verbose etag "A3HBUCESC2GID0098Z212FH3Q"
154 http GET https://registry.npmjs.org/gulp-util
155 verbose request where is /gulp-less
156 verbose request registry https://registry.npmjs.org/
157 verbose url raw /gulp-less
158 verbose url resolving [ 'https://registry.npmjs.org/', './gulp-less' ]
159 verbose url resolved https://registry.npmjs.org/gulp-less
160 verbose request where is https://registry.npmjs.org/gulp-less
161 info trying registry request attempt 1 at 15:12:17
162 verbose etag "9VDAI4NLZVAH99EXXMUAER31L"
163 http GET https://registry.npmjs.org/gulp-less
164 verbose request where is /gulp-concat
165 verbose request registry https://registry.npmjs.org/
166 verbose url raw /gulp-concat
167 verbose url resolving [ 'https://registry.npmjs.org/', './gulp-concat' ]
168 verbose url resolved https://registry.npmjs.org/gulp-concat
169 verbose request where is https://registry.npmjs.org/gulp-concat
170 info trying registry request attempt 1 at 15:12:17
171 verbose etag "2EJ7QHKBL7NCRW26IELAKA638"
172 http GET https://registry.npmjs.org/gulp-concat
173 verbose request where is /gulp-minify-css
174 verbose request registry https://registry.npmjs.org/
175 verbose url raw /gulp-minify-css
176 verbose url resolving [ 'https://registry.npmjs.org/', './gulp-minify-css' ]
177 verbose url resolved https://registry.npmjs.org/gulp-minify-css
178 verbose request where is https://registry.npmjs.org/gulp-minify-css
179 info trying registry request attempt 1 at 15:12:17
180 verbose etag "4BS6WR51029LCEHF8JHW1I7RR"
181 http GET https://registry.npmjs.org/gulp-minify-css
182 verbose request where is /gulp-uglify
183 verbose request registry https://registry.npmjs.org/
184 verbose url raw /gulp-uglify
185 verbose url resolving [ 'https://registry.npmjs.org/', './gulp-uglify' ]
186 verbose url resolved https://registry.npmjs.org/gulp-uglify
187 verbose request where is https://registry.npmjs.org/gulp-uglify
188 info trying registry request attempt 1 at 15:12:17
189 verbose etag "38B9EXH48UU1AFW7I9N91FFHJ"
190 http GET https://registry.npmjs.org/gulp-uglify
191 verbose request where is /gulp-livereload
192 verbose request registry https://registry.npmjs.org/
193 verbose url raw /gulp-livereload
194 verbose url resolving [ 'https://registry.npmjs.org/', './gulp-livereload' ]
195 verbose url resolved https://registry.npmjs.org/gulp-livereload
196 verbose request where is https://registry.npmjs.org/gulp-livereload
197 info trying registry request attempt 1 at 15:12:17
198 verbose etag "6WNA17NDD9RCGN9P2YT8ZR3DR"
199 http GET https://registry.npmjs.org/gulp-livereload
200 verbose request where is /tiny-lr
201 verbose request registry https://registry.npmjs.org/
202 verbose url raw /tiny-lr
203 verbose url resolving [ 'https://registry.npmjs.org/', './tiny-lr' ]
204 verbose url resolved https://registry.npmjs.org/tiny-lr
205 verbose request where is https://registry.npmjs.org/tiny-lr
206 info trying registry request attempt 1 at 15:12:17
207 verbose etag "36CVZ7DWOAN60FNMH0FE9OYNV"
208 http GET https://registry.npmjs.org/tiny-lr
209 verbose request where is /express
210 verbose request registry https://registry.npmjs.org/
211 verbose url raw /express
212 verbose url resolving [ 'https://registry.npmjs.org/', './express' ]
213 verbose url resolved https://registry.npmjs.org/express
214 verbose request where is https://registry.npmjs.org/express
215 info trying registry request attempt 1 at 15:12:17
216 verbose etag "CVSH4GRSO3F584WNHR3DO1T4J"
217 http GET https://registry.npmjs.org/express
218 http 304 https://registry.npmjs.org/gulp-autoprefixer
219 silly registry.get cb [ 304,
219 silly registry.get   { date: 'Sat, 25 Oct 2014 19:12:16 GMT',
219 silly registry.get     server: 'Apache',
219 silly registry.get     via: '1.1 varnish',
219 silly registry.get     'last-modified': 'Sat, 25 Oct 2014 19:12:17 GMT',
219 silly registry.get     'cache-control': 'max-age=60',
219 silly registry.get     etag: '"DXFECSH9IW86E0G5HPAMKTNJ0"',
219 silly registry.get     age: '0',
219 silly registry.get     'x-served-by': 'cache-ord1728-ORD',
219 silly registry.get     'x-cache': 'HIT',
219 silly registry.get     'x-cache-hits': '1',
219 silly registry.get     'x-timer': 'S1414264336.913704,VS0,VE134',
219 silly registry.get     vary: 'Accept',
219 silly registry.get     'content-length': '0',
219 silly registry.get     'keep-alive': 'timeout=10, max=50',
219 silly registry.get     connection: 'Keep-Alive' } ]
220 verbose etag https://registry.npmjs.org/gulp-autoprefixer from cache
221 silly lockFile 5ee243a0-gulp-autoprefixer-0-0-5 gulp-autoprefixer@0.0.5
222 silly lockFile 5ee243a0-gulp-autoprefixer-0-0-5 gulp-autoprefixer@0.0.5
223 http 200 https://registry.npmjs.org/gulp-less
224 silly registry.get cb [ 200,
224 silly registry.get   { date: 'Sat, 25 Oct 2014 19:12:17 GMT',
224 silly registry.get     server: 'CouchDB/1.5.0 (Erlang OTP/R16B03)',
224 silly registry.get     etag: '"2QWXJDLICRD2DXGIRT3DT85KU"',
224 silly registry.get     'content-type': 'application/json',
224 silly registry.get     'cache-control': 'max-age=60',
224 silly registry.get     'content-length': '34757',
224 silly registry.get     'accept-ranges': 'bytes',
224 silly registry.get     via: '1.1 varnish',
224 silly registry.get     age: '0',
224 silly registry.get     'x-served-by': 'cache-dfw1824-DFW',
224 silly registry.get     'x-cache': 'HIT',
224 silly registry.get     'x-cache-hits': '1',
224 silly registry.get     'x-timer': 'S1414264336.935124,VS0,VE184',
224 silly registry.get     vary: 'Accept',
224 silly registry.get     'keep-alive': 'timeout=10, max=50',
224 silly registry.get     connection: 'Keep-Alive' } ]
225 silly addNameRange number 2 { name: 'gulp-less', range: '>=1.2.1-0 <1.3.0-0', hasData: true }
226 silly addNameRange versions [ 'gulp-less',
226 silly addNameRange   [ '0.0.0',
226 silly addNameRange     '0.0.1',
226 silly addNameRange     '0.0.2',
226 silly addNameRange     '0.0.3',
226 silly addNameRange     '1.0.1',
226 silly addNameRange     '1.0.0',
226 silly addNameRange     '1.0.2',
226 silly addNameRange     '1.1.0',
226 silly addNameRange     '1.1.1',
226 silly addNameRange     '1.1.3',
226 silly addNameRange     '1.1.4',
226 silly addNameRange     '1.1.5',
226 silly addNameRange     '1.1.6',
226 silly addNameRange     '1.1.7',
226 silly addNameRange     '1.1.8',
226 silly addNameRange     '1.1.10',
226 silly addNameRange     '1.2.0',
226 silly addNameRange     '1.2.1',
226 silly addNameRange     '1.2.2',
226 silly addNameRange     '1.2.3',
226 silly addNameRange     '1.2.4',
226 silly addNameRange     '1.3.0',
226 silly addNameRange     '1.3.1',
226 silly addNameRange     '1.3.2',
226 silly addNameRange     '1.3.3',
226 silly addNameRange     '1.3.4',
226 silly addNameRange     '1.3.5',
226 silly addNameRange     '1.3.6' ] ]
227 verbose addNamed [ 'gulp-less', '1.2.4' ]
228 verbose addNamed [ '1.2.4', '1.2.4' ]
229 silly lockFile f4c401d7-gulp-less-1-2-4 gulp-less@1.2.4
230 verbose lock gulp-less@1.2.4 /home/dan/.npm/f4c401d7-gulp-less-1-2-4.lock
231 silly lockFile f4c401d7-gulp-less-1-2-4 gulp-less@1.2.4
232 silly lockFile f4c401d7-gulp-less-1-2-4 gulp-less@1.2.4
233 silly lockFile c090377b-gulp-less-1-2-1 gulp-less@~1.2.1
234 silly lockFile c090377b-gulp-less-1-2-1 gulp-less@~1.2.1
235 http 304 https://registry.npmjs.org/gulp-util
236 silly registry.get cb [ 304,
236 silly registry.get   { date: 'Sat, 25 Oct 2014 19:12:16 GMT',
236 silly registry.get     server: 'Apache',
236 silly registry.get     via: '1.1 varnish',
236 silly registry.get     'last-modified': 'Sat, 25 Oct 2014 19:12:17 GMT',
236 silly registry.get     'cache-control': 'max-age=60',
236 silly registry.get     etag: '"A3HBUCESC2GID0098Z212FH3Q"',
236 silly registry.get     age: '0',
236 silly registry.get     'x-served-by': 'cache-dfw1832-DFW',
236 silly registry.get     'x-cache': 'HIT',
236 silly registry.get     'x-cache-hits': '1',
236 silly registry.get     'x-timer': 'S1414264336.991934,VS0,VE253',
236 silly registry.get     vary: 'Accept',
236 silly registry.get     'content-length': '0',
236 silly registry.get     'keep-alive': 'timeout=10, max=50',
236 silly registry.get     connection: 'Keep-Alive' } ]
237 verbose etag https://registry.npmjs.org/gulp-util from cache
238 silly addNameRange number 2 { name: 'gulp-util',
238 silly addNameRange   range: '>=2.2.13-0 <2.3.0-0',
238 silly addNameRange   hasData: true }
239 silly addNameRange versions [ 'gulp-util',
239 silly addNameRange   [ '0.0.1',
239 silly addNameRange     '1.0.0',
239 silly addNameRange     '1.1.0',
239 silly addNameRange     '1.1.1',
239 silly addNameRange     '1.2.0',
239 silly addNameRange     '1.3.0',
239 silly addNameRange     '2.0.0',
239 silly addNameRange     '2.1.1',
239 silly addNameRange     '2.1.2',
239 silly addNameRange     '2.1.3',
239 silly addNameRange     '2.1.4',
239 silly addNameRange     '2.2.0',
239 silly addNameRange     '2.2.1',
239 silly addNameRange     '2.2.2',
239 silly addNameRange     '2.2.3',
239 silly addNameRange     '2.2.5',
239 silly addNameRange     '2.2.6',
239 silly addNameRange     '2.2.7',
239 silly addNameRange     '2.2.8',
239 silly addNameRange     '2.2.9',
239 silly addNameRange     '2.2.10',
239 silly addNameRange     '2.2.11',
239 silly addNameRange     '2.2.12',
239 silly addNameRange     '2.2.13',
239 silly addNameRange     '2.2.14',
239 silly addNameRange     '2.2.15',
239 silly addNameRange     '2.2.16',
239 silly addNameRange     '2.2.17',
239 silly addNameRange     '2.2.18',
239 silly addNameRange     '2.2.19',
239 silly addNameRange     '2.2.20',
239 silly addNameRange     '3.0.0',
239 silly addNameRange     '3.0.1' ] ]
240 verbose addNamed [ 'gulp-util', '2.2.20' ]
241 verbose addNamed [ '2.2.20', '2.2.20' ]
242 silly lockFile 48c194cb-gulp-util-2-2-20 gulp-util@2.2.20
243 verbose lock gulp-util@2.2.20 /home/dan/.npm/48c194cb-gulp-util-2-2-20.lock
244 silly lockFile 48c194cb-gulp-util-2-2-20 gulp-util@2.2.20
245 silly lockFile 48c194cb-gulp-util-2-2-20 gulp-util@2.2.20
246 silly lockFile e667fae6-gulp-util-2-2-13 gulp-util@~2.2.13
247 silly lockFile e667fae6-gulp-util-2-2-13 gulp-util@~2.2.13
248 http 200 https://registry.npmjs.org/gulp-notify
249 silly registry.get cb [ 200,
249 silly registry.get   { date: 'Sat, 25 Oct 2014 19:12:17 GMT',
249 silly registry.get     server: 'CouchDB/1.5.0 (Erlang OTP/R16B03)',
249 silly registry.get     etag: '"PVHNP1VEMX91WQI1F49BIFGT"',
249 silly registry.get     'content-type': 'application/json',
249 silly registry.get     'cache-control': 'max-age=60',
249 silly registry.get     'content-length': '70007',
249 silly registry.get     'accept-ranges': 'bytes',
249 silly registry.get     via: '1.1 varnish',
249 silly registry.get     age: '0',
249 silly registry.get     'x-served-by': 'cache-dfw1827-DFW',
249 silly registry.get     'x-cache': 'MISS',
249 silly registry.get     'x-cache-hits': '0',
249 silly registry.get     'x-timer': 'S1414264336.892222,VS0,VE255',
249 silly registry.get     vary: 'Accept',
249 silly registry.get     'keep-alive': 'timeout=10, max=50',
249 silly registry.get     connection: 'Keep-Alive' } ]
250 silly addNameRange number 2 { name: 'gulp-notify',
250 silly addNameRange   range: '>=0.4.0-0 <0.5.0-0',
250 silly addNameRange   hasData: true }
251 silly addNameRange versions [ 'gulp-notify',
251 silly addNameRange   [ '0.0.5',
251 silly addNameRange     '0.0.6',
251 silly addNameRange     '0.0.7',
251 silly addNameRange     '0.0.8',
251 silly addNameRange     '0.1.0',
251 silly addNameRange     '0.2.0',
251 silly addNameRange     '0.3.0',
251 silly addNameRange     '0.3.2',
251 silly addNameRange     '0.3.3',
251 silly addNameRange     '0.3.4',
251 silly addNameRange     '0.3.4-1',
251 silly addNameRange     '0.3.4-2',
251 silly addNameRange     '0.3.5-0',
251 silly addNameRange     '0.4.0',
251 silly addNameRange     '0.4.1',
251 silly addNameRange     '0.4.2',
251 silly addNameRange     '0.4.3',
251 silly addNameRange     '0.4.5',
251 silly addNameRange     '0.4.6',
251 silly addNameRange     '0.5.0',
251 silly addNameRange     '0.5.1',
251 silly addNameRange     '0.6.0',
251 silly addNameRange     '0.6.1',
251 silly addNameRange     '0.6.2',
251 silly addNameRange     '1.0.0-beta',
251 silly addNameRange     '1.1.0',
251 silly addNameRange     '1.1.1',
251 silly addNameRange     '1.2.0',
251 silly addNameRange     '1.2.1',
251 silly addNameRange     '1.2.2',
251 silly addNameRange     '1.2.4',
251 silly addNameRange     '1.2.5',
251 silly addNameRange     '1.2.6',
251 silly addNameRange     '1.3.0',
251 silly addNameRange     '1.3.1',
251 silly addNameRange     '1.4.0',
251 silly addNameRange     '1.4.1',
251 silly addNameRange     '1.4.2',
251 silly addNameRange     '1.5.0',
251 silly addNameRange     '1.5.1',
251 silly addNameRange     '1.6.0',
251 silly addNameRange     '1.7.0',
251 silly addNameRange     '1.7.1',
251 silly addNameRange     '1.8.0',
251 silly addNameRange     '2.0.0' ] ]
252 verbose addNamed [ 'gulp-notify', '0.4.6' ]
253 verbose addNamed [ '0.4.6', '0.4.6' ]
254 silly lockFile fc9e3faf-gulp-notify-0-4-6 gulp-notify@0.4.6
255 verbose lock gulp-notify@0.4.6 /home/dan/.npm/fc9e3faf-gulp-notify-0-4-6.lock
256 http 304 https://registry.npmjs.org/gulp-minify-css
257 silly registry.get cb [ 304,
257 silly registry.get   { date: 'Sat, 25 Oct 2014 19:12:17 GMT',
257 silly registry.get     server: 'Apache',
257 silly registry.get     via: '1.1 varnish',
257 silly registry.get     'last-modified': 'Sat, 25 Oct 2014 19:12:17 GMT',
257 silly registry.get     'cache-control': 'max-age=60',
257 silly registry.get     etag: '"4BS6WR51029LCEHF8JHW1I7RR"',
257 silly registry.get     age: '0',
257 silly registry.get     'x-served-by': 'cache-dfw1824-DFW',
257 silly registry.get     'x-cache': 'MISS',
257 silly registry.get     'x-cache-hits': '0',
257 silly registry.get     'x-timer': 'S1414264337.536860,VS0,VE41',
257 silly registry.get     vary: 'Accept',
257 silly registry.get     'content-length': '0',
257 silly registry.get     'keep-alive': 'timeout=10, max=49',
257 silly registry.get     connection: 'Keep-Alive' } ]
258 verbose etag https://registry.npmjs.org/gulp-minify-css from cache
259 silly lockFile fc683a67-ulp-notify-gulp-notify-0-4-6-tgz https://registry.npmjs.org/gulp-notify/-/gulp-notify-0.4.6.tgz
260 verbose lock https://registry.npmjs.org/gulp-notify/-/gulp-notify-0.4.6.tgz /home/dan/.npm/fc683a67-ulp-notify-gulp-notify-0-4-6-tgz.lock
261 verbose addRemoteTarball [ 'https://registry.npmjs.org/gulp-notify/-/gulp-notify-0.4.6.tgz',
261 verbose addRemoteTarball   '942f8f9012e18bfa01c513eb85a0003e7504e367' ]
262 silly addNameRange number 2 { name: 'gulp-minify-css',
262 silly addNameRange   range: '>=0.2.0-0 <0.3.0-0',
262 silly addNameRange   hasData: true }
263 silly addNameRange versions [ 'gulp-minify-css',
263 silly addNameRange   [ '0.0.1',
263 silly addNameRange     '0.1.0',
263 silly addNameRange     '0.2.0',
263 silly addNameRange     '0.3.0',
263 silly addNameRange     '0.3.1',
263 silly addNameRange     '0.3.2',
263 silly addNameRange     '0.3.3',
263 silly addNameRange     '0.3.4',
263 silly addNameRange     '0.3.5',
263 silly addNameRange     '0.3.6',
263 silly addNameRange     '0.3.7',
263 silly addNameRange     '0.3.8',
263 silly addNameRange     '0.3.9',
263 silly addNameRange     '0.3.10',
263 silly addNameRange     '0.3.11' ] ]
264 verbose addNamed [ 'gulp-minify-css', '0.2.0' ]
265 verbose addNamed [ '0.2.0', '0.2.0' ]
266 silly lockFile cb15bd6d-gulp-minify-css-0-2-0 gulp-minify-css@0.2.0
267 verbose lock gulp-minify-css@0.2.0 /home/dan/.npm/cb15bd6d-gulp-minify-css-0-2-0.lock
268 info retry fetch attempt 1 at 15:12:18
269 verbose fetch to= /tmp/npm-5558-olhulyUH/registry.npmjs.org/gulp-notify/-/gulp-notify-0.4.6.tgz
270 http GET https://registry.npmjs.org/gulp-notify/-/gulp-notify-0.4.6.tgz
271 silly lockFile cb15bd6d-gulp-minify-css-0-2-0 gulp-minify-css@0.2.0
272 silly lockFile cb15bd6d-gulp-minify-css-0-2-0 gulp-minify-css@0.2.0
273 silly lockFile c0fe7ce8-gulp-minify-css-0-2-0 gulp-minify-css@~0.2.0
274 silly lockFile c0fe7ce8-gulp-minify-css-0-2-0 gulp-minify-css@~0.2.0
275 http 200 https://registry.npmjs.org/gulp-concat
276 silly registry.get cb [ 200,
276 silly registry.get   { date: 'Sat, 25 Oct 2014 19:12:17 GMT',
276 silly registry.get     server: 'CouchDB/1.5.0 (Erlang OTP/R16B03)',
276 silly registry.get     etag: '"D9JDG4LO6QFW9FVKR3NN2GYJZ"',
276 silly registry.get     'content-type': 'application/json',
276 silly registry.get     'cache-control': 'max-age=60',
276 silly registry.get     'content-length': '27119',
276 silly registry.get     'accept-ranges': 'bytes',
276 silly registry.get     via: '1.1 varnish',
276 silly registry.get     age: '0',
276 silly registry.get     'x-served-by': 'cache-ord1728-ORD',
276 silly registry.get     'x-cache': 'HIT',
276 silly registry.get     'x-cache-hits': '1',
276 silly registry.get     'x-timer': 'S1414264337.201022,VS0,VE139',
276 silly registry.get     vary: 'Accept',
276 silly registry.get     'keep-alive': 'timeout=10, max=49',
276 silly registry.get     connection: 'Keep-Alive' } ]
277 silly addNameRange number 2 { name: 'gulp-concat',
277 silly addNameRange   range: '>=2.1.7-0 <2.2.0-0',
277 silly addNameRange   hasData: true }
278 silly addNameRange versions [ 'gulp-concat',
278 silly addNameRange   [ '0.0.1',
278 silly addNameRange     '1.0.0',
278 silly addNameRange     '1.1.0',
278 silly addNameRange     '2.0.0',
278 silly addNameRange     '2.1.0',
278 silly addNameRange     '2.1.1',
278 silly addNameRange     '2.1.2',
278 silly addNameRange     '2.1.3',
278 silly addNameRange     '2.1.4',
278 silly addNameRange     '2.1.5',
278 silly addNameRange     '2.1.6',
278 silly addNameRange     '2.1.7',
278 silly addNameRange     '2.2.0',
278 silly addNameRange     '2.3.0',
278 silly addNameRange     '2.3.3',
278 silly addNameRange     '2.3.4',
278 silly addNameRange     '2.3.5',
278 silly addNameRange     '2.4.0',
278 silly addNameRange     '2.4.1' ] ]
279 verbose addNamed [ 'gulp-concat', '2.1.7' ]
280 verbose addNamed [ '2.1.7', '2.1.7' ]
281 silly lockFile 09afd1b3-gulp-concat-2-1-7 gulp-concat@2.1.7
282 verbose lock gulp-concat@2.1.7 /home/dan/.npm/09afd1b3-gulp-concat-2-1-7.lock
283 silly lockFile 09afd1b3-gulp-concat-2-1-7 gulp-concat@2.1.7
284 silly lockFile 09afd1b3-gulp-concat-2-1-7 gulp-concat@2.1.7
285 silly lockFile 29d97895-gulp-concat-2-1-7 gulp-concat@~2.1.7
286 silly lockFile 29d97895-gulp-concat-2-1-7 gulp-concat@~2.1.7
287 http 304 https://registry.npmjs.org/gulp-livereload
288 silly registry.get cb [ 304,
288 silly registry.get   { date: 'Sat, 25 Oct 2014 19:12:17 GMT',
288 silly registry.get     server: 'Apache',
288 silly registry.get     via: '1.1 varnish',
288 silly registry.get     'last-modified': 'Sat, 25 Oct 2014 19:12:17 GMT',
288 silly registry.get     'cache-control': 'max-age=60',
288 silly registry.get     etag: '"6WNA17NDD9RCGN9P2YT8ZR3DR"',
288 silly registry.get     age: '0',
288 silly registry.get     'x-served-by': 'cache-dfw1827-DFW',
288 silly registry.get     'x-cache': 'HIT',
288 silly registry.get     'x-cache-hits': '1',
288 silly registry.get     'x-timer': 'S1414264337.740029,VS0,VE184',
288 silly registry.get     vary: 'Accept',
288 silly registry.get     'content-length': '0',
288 silly registry.get     'keep-alive': 'timeout=10, max=49',
288 silly registry.get     connection: 'Keep-Alive' } ]
289 verbose etag https://registry.npmjs.org/gulp-livereload from cache
290 silly addNameRange number 2 { name: 'gulp-livereload',
290 silly addNameRange   range: '>=0.2.0-0 <0.3.0-0',
290 silly addNameRange   hasData: true }
291 silly addNameRange versions [ 'gulp-livereload',
291 silly addNameRange   [ '0.1.1',
291 silly addNameRange     '0.2.0',
291 silly addNameRange     '0.3.0',
291 silly addNameRange     '0.3.1',
291 silly addNameRange     '0.3.2',
291 silly addNameRange     '1.0.0',
291 silly addNameRange     '1.0.1',
291 silly addNameRange     '1.1.0',
291 silly addNameRange     '1.1.1',
291 silly addNameRange     '1.2.0',
291 silly addNameRange     '1.3.1',
291 silly addNameRange     '1.4.1',
291 silly addNameRange     '1.4.2',
291 silly addNameRange     '1.5.0',
291 silly addNameRange     '2.0.0',
291 silly addNameRange     '2.1.0',
291 silly addNameRange     '2.1.1' ] ]
292 verbose addNamed [ 'gulp-livereload', '0.2.0' ]
293 verbose addNamed [ '0.2.0', '0.2.0' ]
294 silly lockFile 02af6746-gulp-livereload-0-2-0 gulp-livereload@0.2.0
295 verbose lock gulp-livereload@0.2.0 /home/dan/.npm/02af6746-gulp-livereload-0-2-0.lock
296 silly lockFile 02af6746-gulp-livereload-0-2-0 gulp-livereload@0.2.0
297 silly lockFile 02af6746-gulp-livereload-0-2-0 gulp-livereload@0.2.0
298 silly lockFile ca5537e4-gulp-livereload-0-2-0 gulp-livereload@~0.2.0
299 silly lockFile ca5537e4-gulp-livereload-0-2-0 gulp-livereload@~0.2.0
300 http 304 https://registry.npmjs.org/tiny-lr
301 silly registry.get cb [ 304,
301 silly registry.get   { date: 'Sat, 25 Oct 2014 19:12:17 GMT',
301 silly registry.get     server: 'Apache',
301 silly registry.get     via: '1.1 varnish',
301 silly registry.get     'last-modified': 'Sat, 25 Oct 2014 19:12:18 GMT',
301 silly registry.get     'cache-control': 'max-age=60',
301 silly registry.get     etag: '"36CVZ7DWOAN60FNMH0FE9OYNV"',
301 silly registry.get     age: '0',
301 silly registry.get     'x-served-by': 'cache-dfw1824-DFW',
301 silly registry.get     'x-cache': 'HIT',
301 silly registry.get     'x-cache-hits': '1',
301 silly registry.get     'x-timer': 'S1414264337.754557,VS0,VE259',
301 silly registry.get     vary: 'Accept',
301 silly registry.get     'content-length': '0',
301 silly registry.get     'keep-alive': 'timeout=10, max=48',
301 silly registry.get     connection: 'Keep-Alive' } ]
302 verbose etag https://registry.npmjs.org/tiny-lr from cache
303 silly lockFile 974261c1-tiny-lr-0-0-5 tiny-lr@0.0.5
304 silly lockFile 974261c1-tiny-lr-0-0-5 tiny-lr@0.0.5
305 http 200 https://registry.npmjs.org/gulp-uglify
306 silly registry.get cb [ 200,
306 silly registry.get   { date: 'Sat, 25 Oct 2014 19:12:17 GMT',
306 silly registry.get     server: 'CouchDB/1.5.0 (Erlang OTP/R16B03)',
306 silly registry.get     etag: '"7EB9OP3F81H46R8RHT0XKALMX"',
306 silly registry.get     'content-type': 'application/json',
306 silly registry.get     'cache-control': 'max-age=60',
306 silly registry.get     'content-length': '19082',
306 silly registry.get     'accept-ranges': 'bytes',
306 silly registry.get     via: '1.1 varnish',
306 silly registry.get     age: '0',
306 silly registry.get     'x-served-by': 'cache-dfw1832-DFW',
306 silly registry.get     'x-cache': 'HIT',
306 silly registry.get     'x-cache-hits': '1',
306 silly registry.get     'x-timer': 'S1414264337.701950,VS0,VE264',
306 silly registry.get     vary: 'Accept',
306 silly registry.get     'keep-alive': 'timeout=10, max=49',
306 silly registry.get     connection: 'Keep-Alive' } ]
307 silly addNameRange number 2 { name: 'gulp-uglify',
307 silly addNameRange   range: '>=0.2.0-0 <0.3.0-0',
307 silly addNameRange   hasData: true }
308 silly addNameRange versions [ 'gulp-uglify',
308 silly addNameRange   [ '0.0.1',
308 silly addNameRange     '0.0.3',
308 silly addNameRange     '0.0.4',
308 silly addNameRange     '0.1.0',
308 silly addNameRange     '0.2.0',
308 silly addNameRange     '0.2.1',
308 silly addNameRange     '0.3.0',
308 silly addNameRange     '0.3.1',
308 silly addNameRange     '0.3.2',
308 silly addNameRange     '1.0.0-0',
308 silly addNameRange     '1.0.0',
308 silly addNameRange     '1.0.1' ] ]
309 verbose addNamed [ 'gulp-uglify', '0.2.1' ]
310 verbose addNamed [ '0.2.1', '0.2.1' ]
311 silly lockFile 10feeaeb-gulp-uglify-0-2-1 gulp-uglify@0.2.1
312 verbose lock gulp-uglify@0.2.1 /home/dan/.npm/10feeaeb-gulp-uglify-0-2-1.lock
313 silly lockFile 10feeaeb-gulp-uglify-0-2-1 gulp-uglify@0.2.1
314 silly lockFile 10feeaeb-gulp-uglify-0-2-1 gulp-uglify@0.2.1
315 silly lockFile 8af0c9b5-gulp-uglify-0-2-0 gulp-uglify@~0.2.0
316 silly lockFile 8af0c9b5-gulp-uglify-0-2-0 gulp-uglify@~0.2.0
317 http 200 https://registry.npmjs.org/gulp-notify/-/gulp-notify-0.4.6.tgz
318 silly lockFile fc683a67-ulp-notify-gulp-notify-0-4-6-tgz https://registry.npmjs.org/gulp-notify/-/gulp-notify-0.4.6.tgz
319 silly lockFile fc683a67-ulp-notify-gulp-notify-0-4-6-tgz https://registry.npmjs.org/gulp-notify/-/gulp-notify-0.4.6.tgz
320 silly lockFile fc9e3faf-gulp-notify-0-4-6 gulp-notify@0.4.6
321 silly lockFile fc9e3faf-gulp-notify-0-4-6 gulp-notify@0.4.6
322 silly lockFile 08947ec2-gulp-notify-0-4-0 gulp-notify@~0.4.0
323 silly lockFile 08947ec2-gulp-notify-0-4-0 gulp-notify@~0.4.0
324 http 200 https://registry.npmjs.org/gulp
325 silly registry.get cb [ 200,
325 silly registry.get   { date: 'Sat, 25 Oct 2014 19:12:17 GMT',
325 silly registry.get     server: 'CouchDB/1.5.0 (Erlang OTP/R16B03)',
325 silly registry.get     etag: '"EOK0HNN9AT2A9K41BL0YTL46Q"',
325 silly registry.get     'content-type': 'application/json',
325 silly registry.get     'cache-control': 'max-age=60',
325 silly registry.get     'content-length': '93295',
325 silly registry.get     'accept-ranges': 'bytes',
325 silly registry.get     via: '1.1 varnish',
325 silly registry.get     age: '0',
325 silly registry.get     'x-served-by': 'cache-dfw1827-DFW',
325 silly registry.get     'x-cache': 'HIT',
325 silly registry.get     'x-cache-hits': '1',
325 silly registry.get     'x-timer': 'S1414264336.946568,VS0,VE265',
325 silly registry.get     vary: 'Accept',
325 silly registry.get     'keep-alive': 'timeout=10, max=50',
325 silly registry.get     connection: 'Keep-Alive' } ]
326 silly addNameRange number 2 { name: 'gulp', range: '>=3.5.0-0 <3.6.0-0', hasData: true }
327 silly addNameRange versions [ 'gulp',
327 silly addNameRange   [ '0.0.1',
327 silly addNameRange     '0.0.2',
327 silly addNameRange     '0.0.3',
327 silly addNameRange     '0.0.4',
327 silly addNameRange     '0.0.5',
327 silly addNameRange     '0.0.7',
327 silly addNameRange     '0.0.8',
327 silly addNameRange     '0.0.9',
327 silly addNameRange     '0.1.0',
327 silly addNameRange     '0.2.0',
327 silly addNameRange     '1.0.0',
327 silly addNameRange     '1.1.0',
327 silly addNameRange     '1.2.0',
327 silly addNameRange     '1.2.1',
327 silly addNameRange     '2.0.0',
327 silly addNameRange     '2.0.1',
327 silly addNameRange     '2.1.0',
327 silly addNameRange     '2.2.0',
327 silly addNameRange     '2.3.0',
327 silly addNameRange     '2.4.0',
327 silly addNameRange     '2.4.1',
327 silly addNameRange     '2.6.0',
327 silly addNameRange     '2.6.1',
327 silly addNameRange     '2.7.0',
327 silly addNameRange     '3.0.0',
327 silly addNameRange     '3.1.1',
327 silly addNameRange     '3.1.2',
327 silly addNameRange     '3.1.3',
327 silly addNameRange     '3.1.4',
327 silly addNameRange     '3.2.0',
327 silly addNameRange     '3.2.1',
327 silly addNameRange     '3.2.2',
327 silly addNameRange     '3.2.3',
327 silly addNameRange     '3.2.4',
327 silly addNameRange     '3.2.5',
327 silly addNameRange     '3.3.0',
327 silly addNameRange     '3.3.1',
327 silly addNameRange     '3.3.2',
327 silly addNameRange     '3.3.4',
327 silly addNameRange     '3.4.0',
327 silly addNameRange     '3.5.0',
327 silly addNameRange     '3.5.1',
327 silly addNameRange     '3.5.2',
327 silly addNameRange     '3.5.5',
327 silly addNameRange     '3.5.6',
327 silly addNameRange     '3.6.0',
327 silly addNameRange     '3.6.1',
327 silly addNameRange     '3.6.2',
327 silly addNameRange     '3.7.0',
327 silly addNameRange     '3.8.0',
327 silly addNameRange     '3.8.1',
327 silly addNameRange     '3.8.2',
327 silly addNameRange     '3.8.3',
327 silly addNameRange     '3.8.4',
327 silly addNameRange     '3.8.5',
327 silly addNameRange     '3.8.6',
327 silly addNameRange     '3.8.7',
327 silly addNameRange     '3.8.8',
327 silly addNameRange     '3.8.9' ] ]
328 verbose addNamed [ 'gulp', '3.5.6' ]
329 verbose addNamed [ '3.5.6', '3.5.6' ]
330 silly lockFile cb982ef7-gulp-3-5-6 gulp@3.5.6
331 verbose lock gulp@3.5.6 /home/dan/.npm/cb982ef7-gulp-3-5-6.lock
332 silly lockFile 30ee6f71-ry-npmjs-org-gulp-gulp-3-5-6-tgz https://registry.npmjs.org/gulp/-/gulp-3.5.6.tgz
333 verbose lock https://registry.npmjs.org/gulp/-/gulp-3.5.6.tgz /home/dan/.npm/30ee6f71-ry-npmjs-org-gulp-gulp-3-5-6-tgz.lock
334 verbose addRemoteTarball [ 'https://registry.npmjs.org/gulp/-/gulp-3.5.6.tgz',
334 verbose addRemoteTarball   'bbb9acb596c8dbf1783cc5f182ebc0f82a82489e' ]
335 info retry fetch attempt 1 at 15:12:20
336 verbose fetch to= /tmp/npm-5558-olhulyUH/registry.npmjs.org/gulp/-/gulp-3.5.6.tgz
337 http GET https://registry.npmjs.org/gulp/-/gulp-3.5.6.tgz
338 http 200 https://registry.npmjs.org/gulp/-/gulp-3.5.6.tgz
339 silly lockFile 30ee6f71-ry-npmjs-org-gulp-gulp-3-5-6-tgz https://registry.npmjs.org/gulp/-/gulp-3.5.6.tgz
340 silly lockFile 30ee6f71-ry-npmjs-org-gulp-gulp-3-5-6-tgz https://registry.npmjs.org/gulp/-/gulp-3.5.6.tgz
341 silly lockFile cb982ef7-gulp-3-5-6 gulp@3.5.6
342 silly lockFile cb982ef7-gulp-3-5-6 gulp@3.5.6
343 silly lockFile 20864f85-gulp-3-5-0 gulp@~3.5.0
344 silly lockFile 20864f85-gulp-3-5-0 gulp@~3.5.0
345 http 200 https://registry.npmjs.org/express
346 silly registry.get cb [ 200,
346 silly registry.get   { date: 'Sat, 25 Oct 2014 19:12:17 GMT',
346 silly registry.get     server: 'CouchDB/1.5.0 (Erlang OTP/R16B03)',
346 silly registry.get     etag: '"6GESXL63U36TPWFIRZ6VV5VKK"',
346 silly registry.get     'content-type': 'application/json',
346 silly registry.get     'cache-control': 'max-age=60',
346 silly registry.get     'content-length': '406132',
346 silly registry.get     'accept-ranges': 'bytes',
346 silly registry.get     via: '1.1 varnish',
346 silly registry.get     age: '51',
346 silly registry.get     'x-served-by': 'cache-ord1728-ORD',
346 silly registry.get     'x-cache': 'HIT',
346 silly registry.get     'x-cache-hits': '1',
346 silly registry.get     'x-timer': 'S1414264337.959582,VS0,VE1',
346 silly registry.get     vary: 'Accept',
346 silly registry.get     'keep-alive': 'timeout=10, max=48',
346 silly registry.get     connection: 'Keep-Alive' } ]
347 silly addNameRange number 2 { name: 'express', range: '>=3.4.8-0 <3.5.0-0', hasData: true }
348 silly addNameRange versions [ 'express',
348 silly addNameRange   [ '0.14.0',
348 silly addNameRange     '0.14.1',
348 silly addNameRange     '1.0.0',
348 silly addNameRange     '1.0.1',
348 silly addNameRange     '1.0.2',
348 silly addNameRange     '1.0.3',
348 silly addNameRange     '1.0.4',
348 silly addNameRange     '1.0.5',
348 silly addNameRange     '1.0.6',
348 silly addNameRange     '1.0.7',
348 silly addNameRange     '1.0.8',
348 silly addNameRange     '2.0.0',
348 silly addNameRange     '2.1.0',
348 silly addNameRange     '2.1.1',
348 silly addNameRange     '2.2.0',
348 silly addNameRange     '2.2.1',
348 silly addNameRange     '2.2.2',
348 silly addNameRange     '2.3.0',
348 silly addNameRange     '2.3.1',
348 silly addNameRange     '2.3.2',
348 silly addNameRange     '2.3.3',
348 silly addNameRange     '2.3.4',
348 silly addNameRange     '2.3.5',
348 silly addNameRange     '2.3.6',
348 silly addNameRange     '2.3.7',
348 silly addNameRange     '2.3.8',
348 silly addNameRange     '2.3.9',
348 silly addNameRange     '2.3.10',
348 silly addNameRange     '2.3.11',
348 silly addNameRange     '2.3.12',
348 silly addNameRange     '2.4.0',
348 silly addNameRange     '2.4.1',
348 silly addNameRange     '2.4.2',
348 silly addNameRange     '2.4.3',
348 silly addNameRange     '2.4.4',
348 silly addNameRange     '2.4.5',
348 silly addNameRange     '2.4.6',
348 silly addNameRange     '2.4.7',
348 silly addNameRange     '2.5.0',
348 silly addNameRange     '2.5.1',
348 silly addNameRange     '2.5.2',
348 silly addNameRange     '2.5.3',
348 silly addNameRange     '2.5.4',
348 silly addNameRange     '2.5.5',
348 silly addNameRange     '2.5.6',
348 silly addNameRange     '2.5.7',
348 silly addNameRange     '2.5.8',
348 silly addNameRange     '2.5.9',
348 silly addNameRange     '2.5.10',
348 silly addNameRange     '2.5.11',
348 silly addNameRange     '3.0.0',
348 silly addNameRange     '3.0.1',
348 silly addNameRange     '3.0.2',
348 silly addNameRange     '3.0.3',
348 silly addNameRange     '3.0.4',
348 silly addNameRange     '3.0.5',
348 silly addNameRange     '3.0.6',
348 silly addNameRange     '3.1.0',
348 silly addNameRange     '3.1.1',
348 silly addNameRange     '3.1.2',
348 silly addNameRange     '3.2.0',
348 silly addNameRange     '3.2.1',
348 silly addNameRange     '3.2.2',
348 silly addNameRange     '3.2.3',
348 silly addNameRange     '3.2.4',
348 silly addNameRange     '3.2.5',
348 silly addNameRange     '3.2.6',
348 silly addNameRange     '3.3.0',
348 silly addNameRange     '3.3.1',
348 silly addNameRange     '3.3.2',
348 silly addNameRange     '3.3.3',
348 silly addNameRange     '3.3.4',
348 silly addNameRange     '3.3.5',
348 silly addNameRange     '3.3.6',
348 silly addNameRange     '1.0.0-beta',
348 silly addNameRange     '1.0.0-beta2',
348 silly addNameRange     '1.0.0-rc',
348 silly addNameRange     '1.0.0-rc2',
348 silly addNameRange     '1.0.0-rc3',
348 silly addNameRange     '1.0.0-rc4',
348 silly addNameRange     '2.0.0-beta',
348 silly addNameRange     '2.0.0-beta2',
348 silly addNameRange     '2.0.0-beta3',
348 silly addNameRange     '2.0.0-rc',
348 silly addNameRange     '2.0.0-rc2',
348 silly addNameRange     '2.0.0-rc3',
348 silly addNameRange     '3.0.0-alpha1',
348 silly addNameRange     '3.0.0-alpha2',
348 silly addNameRange     '3.0.0-alpha3',
348 silly addNameRange     '3.0.0-alpha4',
348 silly addNameRange     '3.0.0-alpha5',
348 silly addNameRange     '3.0.0-beta1',
348 silly addNameRange     '3.0.0-beta2',
348 silly addNameRange     '3.0.0-beta3',
348 silly addNameRange     '3.0.0-beta4',
348 silly addNameRange     '3.0.0-beta6',
348 silly addNameRange     '3.0.0-beta7',
348 silly addNameRange     '3.0.0-rc1',
348 silly addNameRange     '3.0.0-rc2',
348 silly addNameRange     '3.0.0-rc3',
348 silly addNameRange     '3.0.0-rc4',
348 silly addNameRange     '3.0.0-rc5',
348 silly addNameRange     '3.3.7',
348 silly addNameRange     '3.3.8',
348 silly addNameRange     '3.4.0',
348 silly addNameRange     '3.4.1',
348 silly addNameRange     '3.4.2',
348 silly addNameRange     '3.4.3',
348 silly addNameRange     '3.4.4',
348 silly addNameRange     '3.4.5',
348 silly addNameRange     '3.4.6',
348 silly addNameRange     '3.4.7',
348 silly addNameRange     '3.4.8',
348 silly addNameRange     '4.0.0-rc1',
348 silly addNameRange     '4.0.0-rc2',
348 silly addNameRange     '3.5.0',
348 silly addNameRange     '4.0.0-rc3',
348 silly addNameRange     '4.0.0-rc4',
348 silly addNameRange     '3.5.1',
348 silly addNameRange     '4.0.0',
348 silly addNameRange     '3.5.2',
348 silly addNameRange     '4.1.0',
348 silly addNameRange     '4.1.1',
348 silly addNameRange     '3.5.3',
348 silly addNameRange     '4.1.2',
348 silly addNameRange     '3.6.0',
348 silly addNameRange     '4.2.0',
348 silly addNameRange     '3.7.0',
348 silly addNameRange     '3.8.0',
348 silly addNameRange     '4.3.0',
348 silly addNameRange     '4.3.1',
348 silly addNameRange     '3.8.1',
348 silly addNameRange     '4.3.2',
348 silly addNameRange     '3.9.0',
348 silly addNameRange     '4.4.0',
348 silly addNameRange     '4.4.1',
348 silly addNameRange     '3.10.0',
348 silly addNameRange     '3.10.1',
348 silly addNameRange     '3.10.2',
348 silly addNameRange     '3.10.3',
348 silly addNameRange     '3.10.4',
348 silly addNameRange     '4.4.2',
348 silly addNameRange     '3.10.5',
348 silly addNameRange     '4.4.3',
348 silly addNameRange     '3.11.0',
348 silly addNameRange     '4.4.4',
348 silly addNameRange     '3.12.0',
348 silly addNameRange     '3.12.1',
348 silly addNameRange     '4.4.5',
348 silly addNameRange     '3.13.0',
348 silly addNameRange     '4.5.0',
348 silly addNameRange     '4.5.1',
348 silly addNameRange     '3.14.0',
348 silly addNameRange     '4.6.0',
348 silly addNameRange     '4.6.1',
348 silly addNameRange     '3.15.0',
348 silly addNameRange     '4.7.0',
348 silly addNameRange     '3.15.1',
348 silly addNameRange     '4.7.1',
348 silly addNameRange     '3.15.2',
348 silly addNameRange     '4.7.2',
348 silly addNameRange     '4.7.3',
348 silly addNameRange     '3.15.3',
348 silly addNameRange     '4.7.4',
348 silly addNameRange     '3.16.0',
348 silly addNameRange     '4.8.0',
348 silly addNameRange     '3.16.1',
348 silly addNameRange     '4.8.1',
348 silly addNameRange     '3.16.2',
348 silly addNameRange     '4.8.2',
348 silly addNameRange     '3.16.3',
348 silly addNameRange     '3.16.4',
348 silly addNameRange     '4.8.3',
348 silly addNameRange     '3.16.5',
348 silly addNameRange     '3.16.6',
348 silly addNameRange     '4.8.4',
348 silly addNameRange     '3.16.7',
348 silly addNameRange     '4.8.5',
348 silly addNameRange     '3.16.8',
348 silly addNameRange     '4.8.6',
348 silly addNameRange     '3.16.9',
348 silly addNameRange     '4.8.7',
348 silly addNameRange     '3.16.10',
348 silly addNameRange     '4.8.8',
348 silly addNameRange     '3.17.0',
348 silly addNameRange     '3.17.1',
348 silly addNameRange     '4.9.0',
348 silly addNameRange     '3.17.2',
348 silly addNameRange     '4.9.1',
348 silly addNameRange     '4.9.2',
348 silly addNameRange     '3.17.3',
348 silly addNameRange     '4.9.3',
348 silly addNameRange     '3.17.4',
348 silly addNameRange     '4.9.4',
348 silly addNameRange     '3.17.5',
348 silly addNameRange     '4.9.5',
348 silly addNameRange     '3.17.6',
348 silly addNameRange     '3.17.7',
348 silly addNameRange     '4.9.6',
348 silly addNameRange     '4.9.7',
348 silly addNameRange     '3.17.8',
348 silly addNameRange     '4.9.8',
348 silly addNameRange     '3.18.0',
348 silly addNameRange     '3.18.1',
348 silly addNameRange     '4.10.0' ] ]
349 verbose addNamed [ 'express', '3.4.8' ]
350 verbose addNamed [ '3.4.8', '3.4.8' ]
351 silly lockFile 15cb8528-express-3-4-8 express@3.4.8
352 verbose lock express@3.4.8 /home/dan/.npm/15cb8528-express-3-4-8.lock
353 silly lockFile 15cb8528-express-3-4-8 express@3.4.8
354 silly lockFile 15cb8528-express-3-4-8 express@3.4.8
355 silly lockFile 655fa913-express-3-4-8 express@~3.4.8
356 silly lockFile 655fa913-express-3-4-8 express@~3.4.8
357 error Error: EACCES, mkdir '/home/dan/.npm/gulp/3.5.6'
357 error  { [Error: EACCES, mkdir '/home/dan/.npm/gulp/3.5.6'] errno: 3, code: 'EACCES', path: '/home/dan/.npm/gulp/3.5.6' }
358 error Please try running this command again as root/Administrator.
359 error System Linux 3.13.0-37-generic
360 error command "/usr/bin/node" "/usr/bin/npm" "install"
361 error cwd /home/dan/projects/SkiTime
362 error node -v v0.10.32
363 error npm -v 1.4.28
364 error path /home/dan/.npm/gulp/3.5.6
365 error code EACCES
366 error errno 3
367 error stack Error: EACCES, mkdir '/home/dan/.npm/gulp/3.5.6'
368 verbose exit [ 3, true ]
